\BOOKMARK [1][-]{section.1}{\376\377\000K\000D\000D\000\040\000p\000r\000o\000c\000e\000s\000s}{}% 1
\BOOKMARK [2][-]{subsection.1.1}{\376\377\000S\000t\000e\000p\000s\000\040\000d\000e\000l\000\040\000K\000D\000D}{section.1}% 2
\BOOKMARK [3][-]{subsubsection.1.1.1}{\376\377\000B\000u\000s\000i\000n\000e\000s\000s\000\040\000U\000n\000d\000e\000r\000s\000t\000a\000n\000d\000i\000n\000g}{subsection.1.1}% 3
\BOOKMARK [3][-]{subsubsection.1.1.2}{\376\377\000D\000a\000t\000a\000\040\000U\000n\000d\000e\000r\000s\000t\000a\000n\000d\000i\000n\000g}{subsection.1.1}% 4
\BOOKMARK [3][-]{subsubsection.1.1.3}{\376\377\000D\000a\000t\000a\000\040\000P\000r\000e\000p\000a\000r\000a\000t\000i\000o\000n}{subsection.1.1}% 5
\BOOKMARK [3][-]{subsubsection.1.1.4}{\376\377\000M\000o\000d\000e\000l\000i\000n\000g}{subsection.1.1}% 6
\BOOKMARK [3][-]{subsubsection.1.1.5}{\376\377\000V\000a\000l\000u\000t\000a\000z\000i\000o\000n\000e}{subsection.1.1}% 7
\BOOKMARK [3][-]{subsubsection.1.1.6}{\376\377\000D\000e\000p\000l\000o\000y\000m\000e\000n\000t}{subsection.1.1}% 8
\BOOKMARK [1][-]{section.2}{\376\377\000L\000e\000a\000r\000n\000i\000n\000g\000\040\000s\000e\000t\000s\000\040\000o\000f\000\040\000r\000u\000l\000e\000s}{}% 9
\BOOKMARK [2][-]{subsection.2.1}{\376\377\000C\000l\000a\000s\000s\000i\000f\000i\000c\000a\000t\000o\000r\000e\000\040\000b\000a\000s\000a\000t\000o\000\040\000s\000u\000\040\000r\000e\000g\000o\000l\000e}{section.2}% 10
\BOOKMARK [1][-]{section.3}{\376\377\000K\000-\000M\000e\000a\000n\000s}{}% 11
\BOOKMARK [1][-]{section.4}{\376\377\000D\000e\000c\000i\000s\000i\000o\000n\000\040\000T\000r\000e\000e\000s}{}% 12
\BOOKMARK [2][-]{subsection.4.1}{\376\377\000A\000f\000f\000r\000o\000n\000t\000a\000r\000e\000\040\000i\000\040\000v\000a\000l\000o\000r\000i\000\040\000m\000a\000n\000c\000a\000n\000t\000i\000\040\000\050\000m\000i\000s\000s\000i\000n\000g\000\040\000v\000a\000l\000u\000e\000s\000\051}{section.4}% 13
\BOOKMARK [2][-]{subsection.4.2}{\376\377\000S\000v\000a\000n\000t\000a\000g\000g\000i}{section.4}% 14
\BOOKMARK [2][-]{subsection.4.3}{\376\377\000T\000r\000a\000i\000n\000i\000n\000g\000\040\000s\000e\000t\000\040\000v\000s\000.\000\040\000V\000a\000l\000i\000d\000a\000t\000i\000o\000n\000\040\000s\000e\000t}{section.4}% 15
\BOOKMARK [2][-]{subsection.4.4}{\376\377\000M\000e\000t\000o\000d\000i\000\040\000d\000i\000\040\000s\000e\000l\000e\000z\000i\000o\000n\000e\000\040\000d\000e\000i\000\040\000c\000i\000c\000l\000i}{section.4}% 16
\BOOKMARK [3][-]{subsubsection.4.4.1}{\376\377\000R\000e\000d\000u\000c\000e\000d\000\040\000e\000r\000r\000o\000r\000\040\000p\000r\000u\000n\000i\000n\000g\000\040\000\050\000R\000E\000P\000\051}{subsection.4.4}% 17
\BOOKMARK [3][-]{subsubsection.4.4.2}{\376\377\000M\000i\000n\000i\000m\000a\000l\000\040\000E\000r\000r\000o\000r\000\040\000P\000r\000u\000n\000i\000n\000g\000\040\000\050\000M\000E\000P\000\051}{subsection.4.4}% 18
\BOOKMARK [3][-]{subsubsection.4.4.3}{\376\377\000P\000e\000s\000s\000i\000m\000i\000s\000t\000i\000c\000\040\000E\000r\000r\000o\000r\000\040\000P\000r\000u\000n\000i\000n\000g\000\040\000\050\000P\000E\000P\000\051}{subsection.4.4}% 19
\BOOKMARK [3][-]{subsubsection.4.4.4}{\376\377\000E\000r\000r\000o\000r\000-\000B\000a\000s\000e\000d\000\040\000P\000r\000u\000n\000i\000n\000g\000\040\000\050\000E\000B\000P\000\051}{subsection.4.4}% 20
\BOOKMARK [1][-]{section.5}{\376\377\000N\000a\000i\000v\000e\000\040\000B\000a\000y\000e\000s\000\040\000C\000l\000a\000s\000s\000i\000d\000i\000e\000r\000\040\000-\000\040\000C\000l\000a\000s\000s\000i\000f\000i\000c\000a\000t\000o\000r\000e\000\040\000B\000a\000y\000e\000s\000i\000a\000n\000o}{}% 21
\BOOKMARK [2][-]{subsection.5.1}{\376\377\000U\000n\000d\000e\000r\000f\000l\000o\000w\000\040\000P\000r\000e\000v\000e\000n\000t\000i\000o\000n}{section.5}% 22
\BOOKMARK [1][-]{section.6}{\376\377\000I\000\040\000m\000o\000d\000e\000l\000l\000i\000\040\000d\000i\000\040\000r\000e\000g\000r\000e\000s\000s\000i\000o\000n\000e}{}% 23
\BOOKMARK [2][-]{subsection.6.1}{\376\377\000N\000o\000t\000a\000z\000i\000o\000n\000e\000\040\000m\000a\000t\000r\000i\000c\000i\000a\000l\000e}{section.6}% 24
\BOOKMARK [2][-]{subsection.6.2}{\376\377\000R\000e\000g\000r\000e\000s\000s\000i\000o\000n\000e\000\040\000c\000o\000n\000\040\000f\000u\000n\000z\000i\000o\000n\000i\000\040\000a\000\040\000g\000r\000a\000d\000i\000n\000i}{section.6}% 25
\BOOKMARK [3][-]{subsubsection.6.2.1}{\376\377\000F\000u\000n\000z\000i\000o\000n\000i\000\040\000c\000o\000s\000t\000a\000n\000t\000i\000\040\000a\000\040\000t\000r\000a\000t\000t\000i\000\040\000p\000e\000r\000\040\000l\000a\000\040\000r\000e\000g\000r\000e\000s\000s\000i\000o\000n\000e\000\040\000s\000e\000m\000p\000l\000i\000c\000e}{subsection.6.2}% 26
